<?xml version="1.0" encoding="UTF-8"?>
<testsuite xmlns:xsi="http://www.w3.org/2001/XMLSchema-instance" xsi:noNamespaceSchemaLocation="https://maven.apache.org/surefire/maven-surefire-plugin/xsd/surefire-test-report-3.0.xsd" version="3.0" name="LibraryTest" time="119.321" tests="9" errors="0" skipped="0" failures="0">
  <properties>
    <property name="java.specification.version" value="22"/>
    <property name="sun.cpu.isalist" value="amd64"/>
    <property name="sun.jnu.encoding" value="GBK"/>
    <property name="java.class.path" value="C:\Users\lqy\Desktop\librarymanagementsystem\target\test-classes;C:\Users\lqy\Desktop\librarymanagementsystem\target\classes;C:\Users\lqy\.m2\repository\com\mysql\mysql-connector-j\8.0.31\mysql-connector-j-8.0.31.jar;C:\Users\lqy\.m2\repository\com\google\protobuf\protobuf-java\3.19.4\protobuf-java-3.19.4.jar;C:\Users\lqy\.m2\repository\org\opengauss\opengauss-jdbc\3.1.0\opengauss-jdbc-3.1.0.jar;C:\Users\lqy\.m2\repository\com\microsoft\sqlserver\mssql-jdbc\12.2.0.jre8\mssql-jdbc-12.2.0.jre8.jar;C:\Users\lqy\.m2\repository\junit\junit\4.13.2\junit-4.13.2.jar;C:\Users\lqy\.m2\repository\org\hamcrest\hamcrest-core\1.3\hamcrest-core-1.3.jar;C:\Users\lqy\.m2\repository\org\projectlombok\lombok\1.18.24\lombok-1.18.24.jar;C:\Users\lqy\.m2\repository\org\yaml\snakeyaml\1.33\snakeyaml-1.33.jar;C:\Users\lqy\.m2\repository\org\apache\commons\commons-lang3\3.7\commons-lang3-3.7.jar;"/>
    <property name="java.vm.vendor" value="Oracle Corporation"/>
    <property name="sun.arch.data.model" value="64"/>
    <property name="user.variant" value=""/>
    <property name="java.vendor.url" value="https://java.oracle.com/"/>
    <property name="user.timezone" value="Asia/Shanghai"/>
    <property name="os.name" value="Windows 11"/>
    <property name="java.vm.specification.version" value="22"/>
    <property name="sun.java.launcher" value="SUN_STANDARD"/>
    <property name="user.country" value="CN"/>
    <property name="sun.boot.library.path" value="D:\JDK22\bin"/>
    <property name="sun.java.command" value="C:\Users\lqy\AppData\Local\Temp\surefire13418891382629571376\surefirebooter-20240504162840062_3.jar C:\Users\lqy\AppData\Local\Temp\surefire13418891382629571376 2024-05-04T16-28-39_874-jvmRun1 surefire-20240504162840062_1tmp surefire_0-20240504162840062_2tmp"/>
    <property name="jdk.debug" value="release"/>
    <property name="test" value="LibraryTest"/>
    <property name="surefire.test.class.path" value="C:\Users\lqy\Desktop\librarymanagementsystem\target\test-classes;C:\Users\lqy\Desktop\librarymanagementsystem\target\classes;C:\Users\lqy\.m2\repository\com\mysql\mysql-connector-j\8.0.31\mysql-connector-j-8.0.31.jar;C:\Users\lqy\.m2\repository\com\google\protobuf\protobuf-java\3.19.4\protobuf-java-3.19.4.jar;C:\Users\lqy\.m2\repository\org\opengauss\opengauss-jdbc\3.1.0\opengauss-jdbc-3.1.0.jar;C:\Users\lqy\.m2\repository\com\microsoft\sqlserver\mssql-jdbc\12.2.0.jre8\mssql-jdbc-12.2.0.jre8.jar;C:\Users\lqy\.m2\repository\junit\junit\4.13.2\junit-4.13.2.jar;C:\Users\lqy\.m2\repository\org\hamcrest\hamcrest-core\1.3\hamcrest-core-1.3.jar;C:\Users\lqy\.m2\repository\org\projectlombok\lombok\1.18.24\lombok-1.18.24.jar;C:\Users\lqy\.m2\repository\org\yaml\snakeyaml\1.33\snakeyaml-1.33.jar;C:\Users\lqy\.m2\repository\org\apache\commons\commons-lang3\3.7\commons-lang3-3.7.jar;"/>
    <property name="sun.cpu.endian" value="little"/>
    <property name="user.home" value="C:\Users\lqy"/>
    <property name="user.language" value="zh"/>
    <property name="java.specification.vendor" value="Oracle Corporation"/>
    <property name="java.version.date" value="2024-03-19"/>
    <property name="java.home" value="D:\JDK22"/>
    <property name="file.separator" value="\"/>
    <property name="basedir" value="C:\Users\lqy\Desktop\librarymanagementsystem"/>
    <property name="java.vm.compressedOopsMode" value="Zero based"/>
    <property name="line.separator" value="&#10;"/>
    <property name="java.vm.specification.vendor" value="Oracle Corporation"/>
    <property name="java.specification.name" value="Java Platform API Specification"/>
    <property name="surefire.real.class.path" value="C:\Users\lqy\AppData\Local\Temp\surefire13418891382629571376\surefirebooter-20240504162840062_3.jar"/>
    <property name="user.script" value=""/>
    <property name="sun.management.compiler" value="HotSpot 64-Bit Tiered Compilers"/>
    <property name="java.runtime.version" value="22+36-2370"/>
    <property name="user.name" value="lqy"/>
    <property name="stdout.encoding" value="GBK"/>
    <property name="path.separator" value=";"/>
    <property name="os.version" value="10.0"/>
    <property name="java.runtime.name" value="Java(TM) SE Runtime Environment"/>
    <property name="file.encoding" value="UTF-8"/>
    <property name="java.vm.name" value="Java HotSpot(TM) 64-Bit Server VM"/>
    <property name="localRepository" value="C:\Users\lqy\.m2\repository"/>
    <property name="java.vendor.url.bug" value="https://bugreport.java.com/bugreport/"/>
    <property name="java.io.tmpdir" value="C:\Users\lqy\AppData\Local\Temp\"/>
    <property name="java.version" value="22"/>
    <property name="user.dir" value="C:\Users\lqy\Desktop\librarymanagementsystem"/>
    <property name="os.arch" value="amd64"/>
    <property name="java.vm.specification.name" value="Java Virtual Machine Specification"/>
    <property name="sun.os.patch.level" value=""/>
    <property name="native.encoding" value="GBK"/>
    <property name="java.library.path" value="D:\JDK22\bin;C:\WINDOWS\Sun\Java\bin;C:\WINDOWS\system32;C:\WINDOWS;C:\Program Files\PowerShell\7;C:\Program Files\Common Files\Oracle\Java\javapath;C:\Program Files\ModifiableWindowsApps;C:\Windows;C:\Windows\System32\Wbem;C:\Windows\System32\WindowsPowerShell\v1.0\;C:\Windows\System32\OpenSSH\;C:\Program Files (x86)\NVIDIA Corporation\PhysX\Common;C:\WINDOWS\system32;C:\WINDOWS;C:\WINDOWS\System32\Wbem;C:\WINDOWS\System32\WindowsPowerShell\v1.0\;C:\WINDOWS\System32\OpenSSH\;C:\Users\lqy\AppData\Local\Programs\Python\Python39-32\python.exe;C:\Users\lqy\AppData\Local\Programs\Python\Python39-32\Scripts;C:\TDM-GCC-64\bin;D:\下载\Java\bin;D:\下载\Java\jre\bin;C:\Program Files\Git\cmd;D:\下载\Microsoft VS Code\Code.exe;C:\Program Files\Neovim\bin;C:\Users\lqy\anaconda3\Scripts;D:\Vivado\2023.1\bin;%MAVEN_HOME%\bin;C:\Program Files\PowerShell\7\;C:\Program Files\MySQL\MySQL Shell 8.0\bin\;C:\Users\lqy\AppData\Local\Microsoft\WindowsApps;C:\TDM-GCC-64\bin;C:\msys64\mingw64\bin;D:\下载\Microsoft VS Code\bin;C:\Users\lqy\AppData\Local\Programs\oh-my-posh\bin;C:\Program Files\Neovim\bin;C:\Program Files\MySQL\MySQL Server 8.0\bin;D:\apache-maven-3.9.6\bin;;D:\IntelliJ IDEA 2024.1\bin;;."/>
    <property name="java.vm.info" value="mixed mode, sharing"/>
    <property name="stderr.encoding" value="GBK"/>
    <property name="java.vendor" value="Oracle Corporation"/>
    <property name="java.vm.version" value="22+36-2370"/>
    <property name="sun.io.unicode.encoding" value="UnicodeLittle"/>
    <property name="java.class.version" value="66.0"/>
  </properties>
  <testcase name="borrowAndReturnBookTest" classname="LibraryTest" time="7.252">
    <system-out><![CDATA[Successfully init class BookTest.
Successfully connect to database.
Successfully reset database.
Successfully release database connection.
]]></system-out>
  </testcase>
  <testcase name="bulkRegisterBookTest" classname="LibraryTest" time="1.973">
    <system-out><![CDATA[Successfully init class BookTest.
Successfully connect to database.
Successfully reset database.
Successfully release database connection.
]]></system-out>
  </testcase>
  <testcase name="modifyBookTest" classname="LibraryTest" time="0.784">
    <system-out><![CDATA[Successfully init class BookTest.
Successfully connect to database.
Successfully reset database.
Successfully release database connection.
]]></system-out>
  </testcase>
  <testcase name="bookRegisterTest" classname="LibraryTest" time="0.336">
    <system-out><![CDATA[Successfully init class BookTest.
Successfully connect to database.
Successfully reset database.
Successfully release database connection.
]]></system-out>
  </testcase>
  <testcase name="incBookStockTest" classname="LibraryTest" time="3.14">
    <system-out><![CDATA[Successfully init class BookTest.
Successfully connect to database.
Successfully reset database.
Successfully release database connection.
]]></system-out>
  </testcase>
  <testcase name="queryBookTest" classname="LibraryTest" time="1.494">
    <system-out><![CDATA[Successfully init class BookTest.
Successfully connect to database.
Successfully reset database.
Successfully release database connection.
]]></system-out>
  </testcase>
  <testcase name="registerAndShowAndRemoveCardTest" classname="LibraryTest" time="0.526">
    <system-out><![CDATA[Successfully init class BookTest.
Successfully connect to database.
Successfully reset database.
Successfully release database connection.
]]></system-out>
  </testcase>
  <testcase name="removeBookTest" classname="LibraryTest" time="0.435">
    <system-out><![CDATA[Successfully init class BookTest.
Successfully connect to database.
Successfully reset database.
Successfully release database connection.
]]></system-out>
  </testcase>
  <testcase name="parallelBorrowBookTest" classname="LibraryTest" time="103.261">
    <system-out><![CDATA[Successfully init class BookTest.
Successfully connect to database.
Successfully reset database.
Thread 0 begin to wait signal
Thread 1 begin to wait signal
Thread 2 begin to wait signal
Thread 3 begin to wait signal
Thread 4 begin to wait signal
Thread 5 begin to wait signal
Thread 6 begin to wait signal
Thread 7 begin to wait signal
Thread 8 begin to wait signal
Thread 9 begin to wait signal
Thread 10 begin to wait signal
Thread 11 begin to wait signal
Thread 12 begin to wait signal
Thread 13 begin to wait signal
Thread 14 begin to wait signal
Thread 0 start to borrow book
Thread 4 start to borrow book
Thread 11 start to borrow book
Thread 14 start to borrow book
Thread 13 start to borrow book
Thread 12 start to borrow book
Thread 10 start to borrow book
Thread 9 start to borrow book
Thread 7 start to borrow book
Thread 8 start to borrow book
Thread 6 start to borrow book
Thread 15 begin to wait signal
Thread 5 start to borrow book
Thread 3 start to borrow book
Thread 2 start to borrow book
Thread 1 start to borrow book
Thread 15 start to borrow book
Successfully release database connection.
]]></system-out>
  </testcase>
</testsuite>